{"src/Staking.sol":{"l":{"12":6,"15":0,"18":0,"23":4,"24":4,"25":4,"26":4,"28":0,"29":0,"31":4,"36":1,"37":1,"38":1,"39":0},"path":"/media/mutahhir/Mutahhir/XORD JOB/workspace/unipilot_staking/src/Staking.sol","s":{"1":6,"2":0,"3":0,"4":4,"5":4,"6":4,"7":4,"8":0,"9":0,"10":4,"11":1,"12":1,"13":1,"14":0},"b":{"1":[4,0]},"f":{"1":6,"2":0,"3":0,"4":4,"5":1},"fnMap":{"1":{"name":"constructor","line":11,"loc":{"start":{"line":11,"column":4},"end":{"line":13,"column":4}}},"2":{"name":"pilotBalance","line":14,"loc":{"start":{"line":14,"column":4},"end":{"line":16,"column":4}}},"3":{"name":"xPilotBalance","line":17,"loc":{"start":{"line":17,"column":4},"end":{"line":19,"column":4}}},"4":{"name":"enter","line":22,"loc":{"start":{"line":22,"column":4},"end":{"line":32,"column":4}}},"5":{"name":"leave","line":35,"loc":{"start":{"line":35,"column":4},"end":{"line":40,"column":4}}}},"statementMap":{"1":{"start":{"line":12,"column":8},"end":{"line":12,"column":21}},"2":{"start":{"line":15,"column":8},"end":{"line":15,"column":36}},"3":{"start":{"line":18,"column":8},"end":{"line":18,"column":30}},"4":{"start":{"line":23,"column":8},"end":{"line":23,"column":59}},"5":{"start":{"line":24,"column":8},"end":{"line":24,"column":43}},"6":{"start":{"line":25,"column":8},"end":{"line":25,"column":843}},"7":{"start":{"line":26,"column":12},"end":{"line":26,"column":37}},"8":{"start":{"line":28,"column":12},"end":{"line":28,"column":63}},"9":{"start":{"line":29,"column":12},"end":{"line":29,"column":34}},"10":{"start":{"line":31,"column":8},"end":{"line":31,"column":61}},"11":{"start":{"line":36,"column":8},"end":{"line":36,"column":43}},"12":{"start":{"line":37,"column":8},"end":{"line":37,"column":78}},"13":{"start":{"line":38,"column":8},"end":{"line":38,"column":32}},"14":{"start":{"line":39,"column":8},"end":{"line":39,"column":39}}},"branchMap":{"1":{"line":25,"type":"if","locations":[{"start":{"line":25,"column":8},"end":{"line":25,"column":8}},{"start":{"line":25,"column":8},"end":{"line":25,"column":8}}]}}},"src/Token.sol":{"l":{"9":6,"13":0},"path":"/media/mutahhir/Mutahhir/XORD JOB/workspace/unipilot_staking/src/Token.sol","s":{"1":6,"2":0},"b":{},"f":{"1":6,"2":6,"3":0},"fnMap":{"1":{"name":"constructor","line":6,"loc":{"start":{"line":6,"column":4},"end":{"line":6,"column":42}}},"2":{"name":"mint","line":8,"loc":{"start":{"line":8,"column":4},"end":{"line":10,"column":4}}},"3":{"name":"burn","line":12,"loc":{"start":{"line":12,"column":4},"end":{"line":14,"column":4}}}},"statementMap":{"1":{"start":{"line":9,"column":8},"end":{"line":9,"column":29}},"2":{"start":{"line":13,"column":8},"end":{"line":13,"column":29}}},"branchMap":{}}}