TN:
SF:/media/mutahhir/Mutahhir/XORD JOB/workspace/unipilot_staking/src/Staking.sol
FN:11,constructor
FN:14,pilotBalance
FN:17,xPilotBalance
FN:22,enter
FN:35,leave
FNF:5
FNH:1
FNDA:3,constructor
FNDA:0,pilotBalance
FNDA:0,xPilotBalance
FNDA:0,enter
FNDA:0,leave
DA:12,3
DA:15,0
DA:18,0
DA:23,0
DA:24,0
DA:25,0
DA:26,0
DA:28,0
DA:29,0
DA:31,0
DA:36,0
DA:37,0
DA:38,0
DA:39,0
LF:14
LH:1
BRDA:25,1,0,0
BRDA:25,1,1,0
BRF:2
BRH:0
end_of_record
TN:
SF:/media/mutahhir/Mutahhir/XORD JOB/workspace/unipilot_staking/src/Token.sol
FN:6,constructor
FN:8,mint
FN:12,burn
FNF:3
FNH:1
FNDA:3,constructor
FNDA:0,mint
FNDA:0,burn
DA:9,0
DA:13,0
LF:2
LH:0
BRF:0
BRH:0
end_of_record
