TN:
SF:/media/mutahhir/Mutahhir/XORD JOB/workspace/unipilot_staking/src/Staking.sol
FN:11,constructor
FN:14,pilotBalance
FN:17,xPilotBalance
FN:22,enter
FN:35,leave
FNF:5
FNH:3
FNDA:6,constructor
FNDA:0,pilotBalance
FNDA:0,xPilotBalance
FNDA:4,enter
FNDA:1,leave
DA:12,6
DA:15,0
DA:18,0
DA:23,4
DA:24,4
DA:25,4
DA:26,4
DA:28,0
DA:29,0
DA:31,4
DA:36,1
DA:37,1
DA:38,1
DA:39,0
LF:14
LH:9
BRDA:25,1,0,4
BRDA:25,1,1,0
BRF:2
BRH:1
end_of_record
TN:
SF:/media/mutahhir/Mutahhir/XORD JOB/workspace/unipilot_staking/src/Token.sol
FN:6,constructor
FN:8,mint
FN:12,burn
FNF:3
FNH:2
FNDA:6,constructor
FNDA:6,mint
FNDA:0,burn
DA:9,6
DA:13,0
LF:2
LH:1
BRF:0
BRH:0
end_of_record
